tableview/build/intermediates/manifest_merge_blame_file/debug/manifest-merger-blame-debug-report.txt
1<?xml version="1.0" encoding="utf-8"?>
2<!--
3  ~ Copyright (c) 2018. Evren Coşkun
4  ~
5  ~  Licensed under the Apache License, Version 2.0 (the "License");
6  ~  you may not use this file except in compliance with the License.
7  ~  You may obtain a copy of the License at
8  ~
9  ~        http://www.apache.org/licenses/LICENSE-2.0
10  ~
11  ~  Unless required by applicable law or agreed to in writing, software
12  ~  distributed under the License is distributed on an "AS IS" BASIS,
13  ~  WITHOUT WARRANTIES OR CONDITIONS OF ANY KIND, either express or implied.
14  ~  See the License for the specific language governing permissions and
15  ~  limitations under the License.
16  ~
17-->
18<manifest xmlns:android="http://schemas.android.com/apk/res/android"
19    package="com.evrencoskun.tableview"
20    android:versionCode="1"
21    android:versionName="unspecified" >
22
23    <uses-sdk
24        android:minSdkVersion="19"
24-->src\main\AndroidManifest.xml
25        android:targetSdkVersion="28" />
25-->src\main\AndroidManifest.xml
26
27    <application
27-->src\main\AndroidManifest.xml:21:5-25:19
28        android:allowBackup="true"
28-->src\main\AndroidManifest.xml:22:9-35
29        android:label="@string/app_name"
29-->src\main\AndroidManifest.xml:23:9-41
30        android:supportsRtl="true" >
30-->src\main\AndroidManifest.xml:24:9-35
31    </application>
32
33</manifest>